2020-01-26 23:35:31,123 INFO  [main] root: Connection established
2020-01-26 23:35:31,146 INFO  [main] root: Receive message:	 'Connection established: /192.168.2.17 / 50000
'
2020-01-26 23:35:31,146 INFO  [main] root: Connection established: /192.168.2.17 / 50000

2020-01-26 23:35:31,146 INFO  [main] root: KVClient >> Connection established 

2020-01-26 23:36:14,452 INFO  [main] root: Connection established
2020-01-26 23:36:14,465 INFO  [main] root: Receive message:	 'Connection established: /127.0.0.1 / 50000
'
2020-01-26 23:36:14,465 INFO  [main] root: Connection established: /127.0.0.1 / 50000

2020-01-26 23:36:14,465 INFO  [main] root: KVClient >> Connection established 

2020-01-26 23:39:30,539 INFO  [main] root: Trimmed: connect xuanchen.local 50000
2020-01-26 23:39:30,702 INFO  [main] root: Connection established
2020-01-26 23:39:30,731 INFO  [main] root: Receive message:	 'Connection established: /127.0.0.1 / 50000'
2020-01-26 23:39:30,731 INFO  [main] root: Connection established: /127.0.0.1 / 50000

2020-01-26 23:39:30,732 INFO  [main] root: KVClient >> Connection established 

2020-01-26 23:39:56,343 INFO  [main] root: Trimmed: put k v
2020-01-26 23:39:56,353 INFO  [main] root: Valid Key and Value 
2020-01-26 23:39:56,372 INFO  [main] root: Send message:	 'PUT+k+v'
2020-01-26 23:39:56,406 INFO  [main] root: Receive message:	 'PUT_SUCCESS'
2020-01-26 23:39:56,406 DEBUG [main] root: From server: PUT_SUCCESS

2020-01-26 23:39:56,406 DEBUG [main] root: KVMsg from KVStore.get: PUT_SUCCESS
2020-01-26 23:39:56,407 INFO  [main] root: PUT_SUCCESS for key = k, value = v
2020-01-26 23:40:02,223 INFO  [main] root: Trimmed: put k
2020-01-26 23:40:02,224 INFO  [main] root: Valid Key and Value 
2020-01-26 23:40:02,225 INFO  [main] root: Send message:	 'PUT+k+'
2020-01-26 23:40:02,242 INFO  [main] root: Receive message:	 'DELETE_SUCCESS'
2020-01-26 23:40:02,242 DEBUG [main] root: From server: DELETE_SUCCESS

2020-01-26 23:40:02,242 DEBUG [main] root: KVMsg from KVStore.get: DELETE_SUCCESS
2020-01-26 23:40:02,243 INFO  [main] root: DELETE_SUCCESS for key = k
2020-01-26 23:40:07,116 INFO  [main] root: Trimmed: put k v
2020-01-26 23:40:07,117 INFO  [main] root: Valid Key and Value 
2020-01-26 23:40:07,117 INFO  [main] root: Send message:	 'PUT+k+v'
2020-01-26 23:40:07,121 INFO  [main] root: Receive message:	 'PUT_UPDATE'
2020-01-26 23:40:07,121 DEBUG [main] root: From server: PUT_UPDATE

2020-01-26 23:40:07,122 DEBUG [main] root: KVMsg from KVStore.get: PUT_UPDATE
2020-01-26 23:40:07,124 INFO  [main] root: PUT_UPDATE for key = k, value = v
2020-01-26 23:40:14,333 INFO  [main] root: Trimmed: put
2020-01-26 23:40:14,333 ERROR [main] root: Not connected!
2020-01-26 23:40:17,411 INFO  [main] root: Trimmed: put k
2020-01-26 23:40:17,412 INFO  [main] root: Valid Key and Value 
2020-01-26 23:40:17,412 INFO  [main] root: Send message:	 'PUT+k+'
2020-01-26 23:40:17,416 INFO  [main] root: Receive message:	 'DELETE_SUCCESS'
2020-01-26 23:40:17,417 DEBUG [main] root: From server: DELETE_SUCCESS

2020-01-26 23:40:17,417 DEBUG [main] root: KVMsg from KVStore.get: DELETE_SUCCESS
2020-01-26 23:40:17,417 INFO  [main] root: DELETE_SUCCESS for key = k
2020-01-26 23:40:20,914 INFO  [main] root: Trimmed: get k
2020-01-26 23:40:20,915 INFO  [main] root: Valid Key and Value 
2020-01-26 23:40:20,916 INFO  [main] root: GET msg to send: GET+k+
2020-01-26 23:40:20,916 INFO  [main] root: Send message:	 'GET+k+'
2020-01-26 23:40:20,930 INFO  [main] root: Receive message:	 'GET_SUCCESS+k+null'
2020-01-26 23:40:20,932 DEBUG [main] root: KVMsg from KVStore.get: GET_SUCCESS+k+null
2020-01-26 23:40:20,934 INFO  [main] root: GET_SUCCESS for key = k, value = null
2020-01-26 23:40:25,219 INFO  [main] root: Trimmed: put k v
2020-01-26 23:40:25,220 INFO  [main] root: Valid Key and Value 
2020-01-26 23:40:25,220 INFO  [main] root: Send message:	 'PUT+k+v'
2020-01-26 23:40:25,224 INFO  [main] root: Receive message:	 'PUT_UPDATE'
2020-01-26 23:40:25,225 DEBUG [main] root: From server: PUT_UPDATE

2020-01-26 23:40:25,225 DEBUG [main] root: KVMsg from KVStore.get: PUT_UPDATE
2020-01-26 23:40:25,225 INFO  [main] root: PUT_UPDATE for key = k, value = v
2020-01-26 23:40:26,754 INFO  [main] root: Trimmed: get k
2020-01-26 23:40:26,755 INFO  [main] root: Valid Key and Value 
2020-01-26 23:40:26,755 INFO  [main] root: GET msg to send: GET+k+
2020-01-26 23:40:26,756 INFO  [main] root: Send message:	 'GET+k+'
2020-01-26 23:40:26,757 INFO  [main] root: Receive message:	 'GET_SUCCESS+k+v'
2020-01-26 23:40:26,758 DEBUG [main] root: KVMsg from KVStore.get: GET_SUCCESS+k+v
2020-01-26 23:40:26,758 INFO  [main] root: GET_SUCCESS for key = k, value = v
2020-01-26 23:40:28,867 INFO  [main] root: Trimmed: get f
2020-01-26 23:40:28,867 INFO  [main] root: Valid Key and Value 
2020-01-26 23:40:28,868 INFO  [main] root: GET msg to send: GET+f+
2020-01-26 23:40:28,868 INFO  [main] root: Send message:	 'GET+f+'
2020-01-26 23:40:28,871 INFO  [main] root: Receive message:	 'GET_ERROR + exception'
2020-01-26 23:40:28,872 DEBUG [main] root: KVMsg from KVStore.get: GET_ERROR + exception
2020-01-26 23:40:28,873 ERROR [main] root: GET_ERROR + NULL status
2020-01-26 23:47:47,111 INFO  [main] root: Trimmed: get f
2020-01-26 23:47:47,118 INFO  [main] root: Valid Key and Value 
2020-01-26 23:47:47,118 INFO  [main] root: GET msg to send: GET+f+
2020-01-26 23:47:47,119 INFO  [main] root: Send message:	 'GET+f+'
2020-01-26 23:47:47,123 INFO  [main] root: Receive message:	 'GET_ERROR + exception'
2020-01-26 23:47:47,123 DEBUG [main] root: KVMsg from KVStore.get: GET_ERROR + exception
2020-01-26 23:47:47,124 ERROR [main] root: GET_ERROR + NULL status
